app/build/outputs/logs/manifest-merger-debug-report.txt
-- Merging decision tree log ---
manifest
ADDED from src\main\AndroidManifest.xml:2:1-54:12
	package
		ADDED from src\main\AndroidManifest.xml:3:2-40
		INJECTED from src\main\AndroidManifest.xml
		INJECTED from src\main\AndroidManifest.xml
	android:versionName
		ADDED from src\main\AndroidManifest.xml:5:2-29
		INJECTED from src\main\AndroidManifest.xml
		INJECTED from src\main\AndroidManifest.xml
	android:versionCode
		ADDED from src\main\AndroidManifest.xml:4:2-26
		INJECTED from src\main\AndroidManifest.xml
		INJECTED from src\main\AndroidManifest.xml
	xmlns:android
		ADDED from src\main\AndroidManifest.xml:2:11-69
uses-sdk
ADDED from src\main\AndroidManifest.xml:7:2-9:35
MERGED from [com.mylhyl:acp:1.1.7] AndroidManifest.xml:7:5-9:41
MERGED from [com.android.support:appcompat-v7:23.4.0] AndroidManifest.xml:21:5-23:78
MERGED from [com.android.support:animated-vector-drawable:23.4.0] AndroidManifest.xml:5:5-44
MERGED from [com.android.support:support-vector-drawable:23.4.0] AndroidManifest.xml:5:5-43
MERGED from [com.android.support:support-v4:23.4.0] AndroidManifest.xml:20:5-43
	tools:overrideLibrary
		ADDED from [com.android.support:appcompat-v7:23.4.0] AndroidManifest.xml:23:9-75
	android:targetSdkVersion
		ADDED from src\main\AndroidManifest.xml:9:3-32
		INJECTED from src\main\AndroidManifest.xml
		INJECTED from src\main\AndroidManifest.xml
	android:minSdkVersion
		ADDED from src\main\AndroidManifest.xml:8:3-29
		INJECTED from src\main\AndroidManifest.xml
		INJECTED from src\main\AndroidManifest.xml
uses-permission#android.permission.BLUETOOTH
ADDED from src\main\AndroidManifest.xml:10:2-64
	android:name
		ADDED from src\main\AndroidManifest.xml:10:19-62
uses-permission#android.permission.BLUETOOTH_ADMIN
ADDED from src\main\AndroidManifest.xml:11:2-70
	android:name
		ADDED from src\main\AndroidManifest.xml:11:19-68
uses-permission#android.permission.WRITE_SETTINGS
ADDED from src\main\AndroidManifest.xml:12:2-69
	android:name
		ADDED from src\main\AndroidManifest.xml:12:19-67
uses-permission#android.permission.WRITE_EXTERNAL_STORAGE
ADDED from src\main\AndroidManifest.xml:13:2-77
	android:name
		ADDED from src\main\AndroidManifest.xml:13:19-75
uses-permission#android.permission.READ_PHONE_STATE
ADDED from src\main\AndroidManifest.xml:14:2-72
	android:name
		ADDED from src\main\AndroidManifest.xml:14:19-69
uses-permission#android.permission.ACCESS_COARSE_LOCATION
ADDED from src\main\AndroidManifest.xml:15:2-78
	android:name
		ADDED from src\main\AndroidManifest.xml:15:19-75
uses-feature#android.hardware.bluetooth
ADDED from src\main\AndroidManifest.xml:17:2-83
	android:required
		ADDED from src\main\AndroidManifest.xml:17:58-81
	android:name
		ADDED from src\main\AndroidManifest.xml:17:16-57
application
ADDED from src\main\AndroidManifest.xml:19:2-52:16
MERGED from [com.mylhyl:acp:1.1.7] AndroidManifest.xml:11:5-16:19
MERGED from [com.android.support:appcompat-v7:23.4.0] AndroidManifest.xml:25:5-20
MERGED from [com.android.support:animated-vector-drawable:23.4.0] AndroidManifest.xml:7:5-20
MERGED from [com.android.support:support-vector-drawable:23.4.0] AndroidManifest.xml:7:5-20
MERGED from [com.android.support:support-v4:23.4.0] AndroidManifest.xml:22:5-20
	android:label
		ADDED from src\main\AndroidManifest.xml:22:3-35
	android:allowBackup
		ADDED from src\main\AndroidManifest.xml:20:3-29
	android:icon
		ADDED from src\main\AndroidManifest.xml:21:3-39
	android:theme
		ADDED from src\main\AndroidManifest.xml:23:3-34
	android:name
		ADDED from src\main\AndroidManifest.xml:19:15-69
activity#mobi.dzs.android.BLE_SPP_PRO.actMain
ADDED from src\main\AndroidManifest.xml:25:3-32:14
	android:screenOrientation
		ADDED from src\main\AndroidManifest.xml:27:41-77
	android:label
		ADDED from src\main\AndroidManifest.xml:27:4-40
	android:name
		ADDED from src\main\AndroidManifest.xml:26:4-26
intent-filter#android.intent.action.MAIN+android.intent.category.LAUNCHER
ADDED from src\main\AndroidManifest.xml:28:4-31:20
action#android.intent.action.MAIN
ADDED from src\main\AndroidManifest.xml:29:5-57
	android:name
		ADDED from src\main\AndroidManifest.xml:29:13-54
category#android.intent.category.LAUNCHER
ADDED from src\main\AndroidManifest.xml:30:5-65
	android:name
		ADDED from src\main\AndroidManifest.xml:30:15-62
activity#mobi.dzs.android.BLE_SPP_PRO.actDiscovery
ADDED from src\main\AndroidManifest.xml:33:3-36:108
	android:screenOrientation
		ADDED from src\main\AndroidManifest.xml:35:4-40
	android:label
		ADDED from src\main\AndroidManifest.xml:34:4-45
	android:launchMode
		ADDED from src\main\AndroidManifest.xml:36:4-33
	android:configChanges
		ADDED from src\main\AndroidManifest.xml:36:34-106
	android:name
		ADDED from src\main\AndroidManifest.xml:33:13-40
activity#mobi.dzs.android.BLE_SPP_PRO.actByteStream
ADDED from src\main\AndroidManifest.xml:37:3-40:78
	android:label
		ADDED from src\main\AndroidManifest.xml:38:4-46
	android:launchMode
		ADDED from src\main\AndroidManifest.xml:39:4-34
	android:configChanges
		ADDED from src\main\AndroidManifest.xml:40:4-76
	android:name
		ADDED from src\main\AndroidManifest.xml:37:13-41
activity#mobi.dzs.android.BLE_SPP_PRO.actCmdLine
ADDED from src\main\AndroidManifest.xml:41:3-44:78
	android:label
		ADDED from src\main\AndroidManifest.xml:42:4-43
	android:launchMode
		ADDED from src\main\AndroidManifest.xml:43:4-34
	android:configChanges
		ADDED from src\main\AndroidManifest.xml:44:4-76
	android:name
		ADDED from src\main\AndroidManifest.xml:41:13-38
activity#mobi.dzs.android.BLE_SPP_PRO.actKeyBoard
ADDED from src\main\AndroidManifest.xml:45:3-48:115
	android:screenOrientation
		ADDED from src\main\AndroidManifest.xml:48:77-113
	android:label
		ADDED from src\main\AndroidManifest.xml:46:4-44
	android:launchMode
		ADDED from src\main\AndroidManifest.xml:47:4-34
	android:configChanges
		ADDED from src\main\AndroidManifest.xml:48:4-76
	android:name
		ADDED from src\main\AndroidManifest.xml:45:13-39
activity#mobi.dzs.android.BLE_SPP_PRO.actAbout
ADDED from src\main\AndroidManifest.xml:49:3-51:44
	android:label
		ADDED from src\main\AndroidManifest.xml:50:13-50
	android:launchMode
		ADDED from src\main\AndroidManifest.xml:51:13-42
	android:name
		ADDED from src\main\AndroidManifest.xml:49:13-65
activity#com.mylhyl.acp.AcpActivity
ADDED from [com.mylhyl:acp:1.1.7] AndroidManifest.xml:12:9-15:56
	android:launchMode
		ADDED from [com.mylhyl:acp:1.1.7] AndroidManifest.xml:14:13-44
	android:theme
		ADDED from [com.mylhyl:acp:1.1.7] AndroidManifest.xml:15:13-53
	android:name
		ADDED from [com.mylhyl:acp:1.1.7] AndroidManifest.xml:13:13-54